lola: NET
lola:   reading net from HandleCaseProcess_pn.lola
lola:   finished parsing
lola:   closed net file HandleCaseProcess_pn.lola
lola:   2473/65536 symbol table entries, 6 collisions
lola:   preprocessing... 
lola:   finding significant places
lola:   1038 places, 1435 transitions, 899 significant places
lola:   computing forward-conflicting sets
lola:   computing back-conflicting sets
lola:   1494 transition conflict sets
lola: TASK
lola:   creating the whole state space (--check=full)
lola: STORE
lola:   using a bit-perfect encoder (--encoder=bit)
lola:   using 3596 bytes per marking, with 0 unused bits
lola:   using a prefix tree store (--store=prefix)
lola:   generating a state space (--check=full)
lola: SEARCH
lola:   using deadlock preserving stubborn set method with insertion algorithm (--stubborn=tarjan)
lola: RUNNING
lola: RESULT
lola:   result: no
lola:   State space generated.
lola:   341 markings, 357 edges
