
!<symlink>\377\376/\000c\000/\000c\000a\000d\000p\000/\000l\000i\000b\000/\000F\000S\000P\000_\000V\0001\000.\000l\000i\000b\000\000\000
	  ^
[FSP_V1:1] Error : ``\377'' is deleted

!<symlink>\377\376/\000c\000/\000c\000a\000d\000p\000/\000l\000i\000b\000/\000F\000S\000P\000_\000V\0001\000.\000l\000i\000b\000\000\000
	      ^
[FSP_V1:1] Error : ``\376'' is deleted

!<symlink>\377\376/\000c\000/\000c\000a\000d\000p\000/\000l\000i\000b\000/\000F\000S\000P\000_\000V\0001\000.\000l\000i\000b\000\000\000
		   ^
[FSP_V1:1] Error : ``\000'' is deleted

!<symlink>\377\376/\000c\000/\000c\000a\000d\000p\000/\000l\000i\000b\000/\000F\000S\000P\000_\000V\0001\000.\000l\000i\000b\000\000\000
^
[FSP_V1:1] Error : ``BEHAVIOUR %IDENTIFIER'' is inserted before ``!''

!<symlink>\377\376/\000c\000/\000c\000a\000d\000p\000/\000l\000i\000b\000/\000F\000S\000P\000_\000V\0001\000.\000l\000i\000b\000\000\000
		        ^
[FSP_V1:1] Error : ``\000'' is deleted

!<symlink>\377\376/\000c\000/\000c\000a\000d\000p\000/\000l\000i\000b\000/\000F\000S\000P\000_\000V\0001\000.\000l\000i\000b\000\000\000
			     ^
[FSP_V1:1] Error : ``\000'' is deleted

!<symlink>\377\376/\000c\000/\000c\000a\000d\000p\000/\000l\000i\000b\000/\000F\000S\000P\000_\000V\0001\000.\000l\000i\000b\000\000\000
				  ^
[FSP_V1:1] Error : ``\000'' is deleted

!<symlink>\377\376/\000c\000/\000c\000a\000d\000p\000/\000l\000i\000b\000/\000F\000S\000P\000_\000V\0001\000.\000l\000i\000b\000\000\000
				       ^
[FSP_V1:1] Error : ``\000'' is deleted

!<symlink>\377\376/\000c\000/\000c\000a\000d\000p\000/\000l\000i\000b\000/\000F\000S\000P\000_\000V\0001\000.\000l\000i\000b\000\000\000
					    ^
[FSP_V1:1] Error : ``\000'' is deleted

!<symlink>\377\376/\000c\000/\000c\000a\000d\000p\000/\000l\000i\000b\000/\000F\000S\000P\000_\000V\0001\000.\000l\000i\000b\000\000\000
						 ^
[FSP_V1:1] Error : ``\000'' is deleted

!<symlink>\377\376/\000c\000/\000c\000a\000d\000p\000/\000l\000i\000b\000/\000F\000S\000P\000_\000V\0001\000.\000l\000i\000b\000\000\000
						      ^
[FSP_V1:1] Error : ``\000'' is deleted

!<symlink>\377\376/\000c\000/\000c\000a\000d\000p\000/\000l\000i\000b\000/\000F\000S\000P\000_\000V\0001\000.\000l\000i\000b\000\000\000
							   ^
[FSP_V1:1] Error : ``\000'' is deleted

!<symlink>\377\376/\000c\000/\000c\000a\000d\000p\000/\000l\000i\000b\000/\000F\000S\000P\000_\000V\0001\000.\000l\000i\000b\000\000\000
							        ^
[FSP_V1:1] Error : ``\000'' is deleted

!<symlink>\377\376/\000c\000/\000c\000a\000d\000p\000/\000l\000i\000b\000/\000F\000S\000P\000_\000V\0001\000.\000l\000i\000b\000\000\000
								     ^
[FSP_V1:1] Error : ``\000'' is deleted

!<symlink>\377\376/\000c\000/\000c\000a\000d\000p\000/\000l\000i\000b\000/\000F\000S\000P\000_\000V\0001\000.\000l\000i\000b\000\000\000
									  ^
[FSP_V1:1] Error : ``\000'' is deleted

!<symlink>\377\376/\000c\000/\000c\000a\000d\000p\000/\000l\000i\000b\000/\000F\000S\000P\000_\000V\0001\000.\000l\000i\000b\000\000\000
									       ^
[FSP_V1:1] Error : ``\000'' is deleted

!<symlink>\377\376/\000c\000/\000c\000a\000d\000p\000/\000l\000i\000b\000/\000F\000S\000P\000_\000V\0001\000.\000l\000i\000b\000\000\000
										    ^
[FSP_V1:1] Error : ``\000'' is deleted

!<symlink>\377\376/\000c\000/\000c\000a\000d\000p\000/\000l\000i\000b\000/\000F\000S\000P\000_\000V\0001\000.\000l\000i\000b\000\000\000
											 ^
[FSP_V1:1] Error : ``\000'' is deleted

!<symlink>\377\376/\000c\000/\000c\000a\000d\000p\000/\000l\000i\000b\000/\000F\000S\000P\000_\000V\0001\000.\000l\000i\000b\000\000\000
											      ^
[FSP_V1:1] Error : ``\000'' is deleted

!<symlink>\377\376/\000c\000/\000c\000a\000d\000p\000/\000l\000i\000b\000/\000F\000S\000P\000_\000V\0001\000.\000l\000i\000b\000\000\000
												   ^
[FSP_V1:1] Error : ``\000'' is deleted

!<symlink>\377\376/\000c\000/\000c\000a\000d\000p\000/\000l\000i\000b\000/\000F\000S\000P\000_\000V\0001\000.\000l\000i\000b\000\000\000
												        ^
[FSP_V1:1] Error : ``\000'' is deleted

!<symlink>\377\376/\000c\000/\000c\000a\000d\000p\000/\000l\000i\000b\000/\000F\000S\000P\000_\000V\0001\000.\000l\000i\000b\000\000\000
													     ^
[FSP_V1:1] Error : ``\000'' is deleted

!<symlink>\377\376/\000c\000/\000c\000a\000d\000p\000/\000l\000i\000b\000/\000F\000S\000P\000_\000V\0001\000.\000l\000i\000b\000\000\000
														  ^
[FSP_V1:1] Error : ``\000'' is deleted

!<symlink>\377\376/\000c\000/\000c\000a\000d\000p\000/\000l\000i\000b\000/\000F\000S\000P\000_\000V\0001\000.\000l\000i\000b\000\000\000
														       ^
[FSP_V1:1] Error : ``\000'' is deleted

!<symlink>\377\376/\000c\000/\000c\000a\000d\000p\000/\000l\000i\000b\000/\000F\000S\000P\000_\000V\0001\000.\000l\000i\000b\000\000\000
															    ^
[FSP_V1:1] Error : ``\000'' is deleted

!<symlink>\377\376/\000c\000/\000c\000a\000d\000p\000/\000l\000i\000b\000/\000F\000S\000P\000_\000V\0001\000.\000l\000i\000b\000\000\000
															        ^
[FSP_V1:1] Error : ``\000'' is deleted

!<symlink>\377\376/\000c\000/\000c\000a\000d\000p\000/\000l\000i\000b\000/\000F\000S\000P\000_\000V\0001\000.\000l\000i\000b\000\000\000
																    ^
[FSP_V1:1] Warning : ``\000'' is deleted

type Symbol is Integer \r
^
[HANDLEREQUEST:3] Warning : ``TYPE'' is replaced by ``(''

type Symbol is Integer \r
	    ^
[HANDLEREQUEST:3] Warning : ``IS'' is replaced by ``(''

    sorts Symbol\r
    ^
[HANDLEREQUEST:5] Warning : ``SORTS'' is replaced by ``(''

    opns\r
    ^
[HANDLEREQUEST:7] Warning : ``OPNS'' is replaced by ``(''

        NULL (*! constructor *) : -> Symbol\r
	     ^
[HANDLEREQUEST:8] Error : global recovery

        NULL (*! constructor *) : -> Symbol\r
			        ^
[HANDLEREQUEST:8] Warning : parsing resumes on ``:''

        NULL (*! constructor *) : -> Symbol\r
				  ^
[HANDLEREQUEST:8] Error : ``%IDENTIFIER'' is inserted before ``->''

        NULL (*! constructor *) : -> Symbol\r
				  ^
[HANDLEREQUEST:8] Warning : ``->'' is replaced by ``?''

        HANDLEREQUEST_VAR_REINJECT (*! constructor *) : -> Symbol\r
        ^
[HANDLEREQUEST:9] Warning : ``,'' is inserted before ``HANDLEREQUEST_VAR_REINJECT''

        HANDLEREQUEST_VAR_REINJECT (*! constructor *) : -> Symbol\r
				   ^
[HANDLEREQUEST:9] Error : ``,'', ``:'' is expected

        HANDLEREQUEST_VAR_REINJECT (*! constructor *) : -> Symbol\r
				   ^
[HANDLEREQUEST:9] Error : global recovery

        HANDLEREQUEST_VAR_REINJECT (*! constructor *) : -> Symbol\r
						      ^
[HANDLEREQUEST:9] Warning : parsing resumes on ``:''

        HANDLEREQUEST_VAR_REINJECT (*! constructor *) : -> Symbol\r
						        ^
[HANDLEREQUEST:9] Error : ``%IDENTIFIER'' is inserted before ``->''

        HANDLEREQUEST_VAR_REINJECT (*! constructor *) : -> Symbol\r
						        ^
[HANDLEREQUEST:9] Warning : ``->'' is replaced by ``?''

        HANDLEREQUEST_VAR_SERVICE (*! constructor *) : -> Symbol\r
        ^
[HANDLEREQUEST:10] Warning : ``,'' is inserted before ``HANDLEREQUEST_VAR_SERVICE''

        HANDLEREQUEST_VAR_SERVICE (*! constructor *) : -> Symbol\r
				  ^
[HANDLEREQUEST:10] Error : ``,'', ``:'' is expected

        HANDLEREQUEST_VAR_SERVICE (*! constructor *) : -> Symbol\r
				  ^
[HANDLEREQUEST:10] Error : global recovery

        HANDLEREQUEST_VAR_SERVICE (*! constructor *) : -> Symbol\r
						     ^
[HANDLEREQUEST:10] Warning : parsing resumes on ``:''

        HANDLEREQUEST_VAR_SERVICE (*! constructor *) : -> Symbol\r
						       ^
[HANDLEREQUEST:10] Error : ``%IDENTIFIER'' is inserted before ``->''

        HANDLEREQUEST_VAR_SERVICE (*! constructor *) : -> Symbol\r
						       ^
[HANDLEREQUEST:10] Warning : ``->'' is replaced by ``?''

        HANDLEREQUEST_VAR_PAYLOAD (*! constructor *) : -> Symbol\r
        ^
[HANDLEREQUEST:11] Warning : ``,'' is inserted before ``HANDLEREQUEST_VAR_PAYLOAD''

        HANDLEREQUEST_VAR_PAYLOAD (*! constructor *) : -> Symbol\r
				  ^
[HANDLEREQUEST:11] Error : ``,'', ``:'' is expected

        HANDLEREQUEST_VAR_PAYLOAD (*! constructor *) : -> Symbol\r
				  ^
[HANDLEREQUEST:11] Error : global recovery

        HANDLEREQUEST_VAR_PAYLOAD (*! constructor *) : -> Symbol\r
						     ^
[HANDLEREQUEST:11] Warning : parsing resumes on ``:''

        HANDLEREQUEST_VAR_PAYLOAD (*! constructor *) : -> Symbol\r
						       ^
[HANDLEREQUEST:11] Error : ``%IDENTIFIER'' is inserted before ``->''

        HANDLEREQUEST_VAR_PAYLOAD (*! constructor *) : -> Symbol\r
						       ^
[HANDLEREQUEST:11] Warning : ``->'' is replaced by ``?''

        HANDLEREQUEST_CLIENT_RECEIVE_HANDLEREQUEST (*! constructor *) : -> Symbol\r
        ^
[HANDLEREQUEST:12] Warning : ``,'' is inserted before ``HANDLEREQUEST_CLIENT_RECEIVE_HANDLEREQUEST''

        HANDLEREQUEST_CLIENT_RECEIVE_HANDLEREQUEST (*! constructor *) : -> Symbol\r
						   ^
[HANDLEREQUEST:12] Error : ``,'', ``:'' is expected

        HANDLEREQUEST_CLIENT_RECEIVE_HANDLEREQUEST (*! constructor *) : -> Symbol\r
						   ^
[HANDLEREQUEST:12] Error : global recovery

        HANDLEREQUEST_CLIENT_RECEIVE_HANDLEREQUEST (*! constructor *) : -> Symbol\r
								      ^
[HANDLEREQUEST:12] Warning : parsing resumes on ``:''

        HANDLEREQUEST_CLIENT_RECEIVE_HANDLEREQUEST (*! constructor *) : -> Symbol\r
								        ^
[HANDLEREQUEST:12] Error : ``%IDENTIFIER'' is inserted before ``->''

        HANDLEREQUEST_CLIENT_RECEIVE_HANDLEREQUEST (*! constructor *) : -> Symbol\r
								        ^
[HANDLEREQUEST:12] Warning : ``->'' is replaced by ``?''

        HANDLEREQUEST_CLIENT_RECEIVE_HANDLECOMPLEXREQUEST (*! constructor *) : -> Symbol\r
        ^
[HANDLEREQUEST:13] Warning : ``,'' is inserted before ``HANDLEREQUEST_CLIENT_RECEIVE_HANDLECOMPLEXREQUEST''

        HANDLEREQUEST_CLIENT_RECEIVE_HANDLECOMPLEXREQUEST (*! constructor *) : -> Symbol\r
							  ^
[HANDLEREQUEST:13] Error : ``,'', ``:'' is expected

        HANDLEREQUEST_CLIENT_RECEIVE_HANDLECOMPLEXREQUEST (*! constructor *) : -> Symbol\r
							  ^
[HANDLEREQUEST:13] Error : global recovery

        HANDLEREQUEST_CLIENT_RECEIVE_HANDLECOMPLEXREQUEST (*! constructor *) : -> Symbol\r
									     ^
[HANDLEREQUEST:13] Warning : parsing resumes on ``:''

        HANDLEREQUEST_CLIENT_RECEIVE_HANDLECOMPLEXREQUEST (*! constructor *) : -> Symbol\r
									       ^
[HANDLEREQUEST:13] Error : ``%IDENTIFIER'' is inserted before ``->''

        HANDLEREQUEST_CLIENT_RECEIVE_HANDLECOMPLEXREQUEST (*! constructor *) : -> Symbol\r
									       ^
[HANDLEREQUEST:13] Warning : ``->'' is replaced by ``?''

        HANDLEREQUEST_CLIENT_RECEIVE_REJECTREQUEST (*! constructor *) : -> Symbol\r
        ^
[HANDLEREQUEST:14] Warning : ``,'' is inserted before ``HANDLEREQUEST_CLIENT_RECEIVE_REJECTREQUEST''

        HANDLEREQUEST_CLIENT_RECEIVE_REJECTREQUEST (*! constructor *) : -> Symbol\r
						   ^
[HANDLEREQUEST:14] Error : ``,'', ``:'' is expected

        HANDLEREQUEST_CLIENT_RECEIVE_REJECTREQUEST (*! constructor *) : -> Symbol\r
						   ^
[HANDLEREQUEST:14] Error : global recovery

        HANDLEREQUEST_CLIENT_RECEIVE_REJECTREQUEST (*! constructor *) : -> Symbol\r
								      ^
[HANDLEREQUEST:14] Warning : parsing resumes on ``:''

        HANDLEREQUEST_CLIENT_RECEIVE_REJECTREQUEST (*! constructor *) : -> Symbol\r
								        ^
[HANDLEREQUEST:14] Error : ``%IDENTIFIER'' is inserted before ``->''

        HANDLEREQUEST_CLIENT_RECEIVE_REJECTREQUEST (*! constructor *) : -> Symbol\r
								        ^
[HANDLEREQUEST:14] Warning : ``->'' is replaced by ``?''

        HANDLEREQUEST_VAR_CLASSIFYREQUESTWSREQUEST (*! constructor *) : -> Symbol\r
        ^
[HANDLEREQUEST:15] Warning : ``,'' is inserted before ``HANDLEREQUEST_VAR_CLASSIFYREQUESTWSREQUEST''

        HANDLEREQUEST_VAR_CLASSIFYREQUESTWSREQUEST (*! constructor *) : -> Symbol\r
						   ^
[HANDLEREQUEST:15] Error : ``,'', ``:'' is expected

        HANDLEREQUEST_VAR_CLASSIFYREQUESTWSREQUEST (*! constructor *) : -> Symbol\r
						   ^
[HANDLEREQUEST:15] Error : global recovery

        HANDLEREQUEST_VAR_CLASSIFYREQUESTWSREQUEST (*! constructor *) : -> Symbol\r
								      ^
[HANDLEREQUEST:15] Warning : parsing resumes on ``:''

        HANDLEREQUEST_VAR_CLASSIFYREQUESTWSREQUEST (*! constructor *) : -> Symbol\r
								        ^
[HANDLEREQUEST:15] Error : ``%IDENTIFIER'' is inserted before ``->''

        HANDLEREQUEST_VAR_CLASSIFYREQUESTWSREQUEST (*! constructor *) : -> Symbol\r
								        ^
[HANDLEREQUEST:15] Warning : ``->'' is replaced by ``?''

        HANDLEREQUEST_HANDLEREQUESTWSPL_INVOKE_CLASSIFYREQUEST (*! constructor *) : -> Symbol\r
        ^
[HANDLEREQUEST:16] Warning : ``,'' is inserted before ``HANDLEREQUEST_HANDLEREQUESTWSPL_INVOKE_CLASSIFYREQUEST''

        HANDLEREQUEST_HANDLEREQUESTWSPL_INVOKE_CLASSIFYREQUEST (*! constructor *) : -> Symbol\r
							       ^
[HANDLEREQUEST:16] Error : ``,'', ``:'' is expected

        HANDLEREQUEST_HANDLEREQUESTWSPL_INVOKE_CLASSIFYREQUEST (*! constructor *) : -> Symbol\r
							       ^
[HANDLEREQUEST:16] Error : global recovery

        HANDLEREQUEST_HANDLEREQUESTWSPL_INVOKE_CLASSIFYREQUEST (*! constructor *) : -> Symbol\r
										  ^
[HANDLEREQUEST:16] Warning : parsing resumes on ``:''

        HANDLEREQUEST_HANDLEREQUESTWSPL_INVOKE_CLASSIFYREQUEST (*! constructor *) : -> Symbol\r
										    ^
[HANDLEREQUEST:16] Error : ``%IDENTIFIER'' is inserted before ``->''

        HANDLEREQUEST_HANDLEREQUESTWSPL_INVOKE_CLASSIFYREQUEST (*! constructor *) : -> Symbol\r
										    ^
[HANDLEREQUEST:16] Warning : ``->'' is replaced by ``?''

        HANDLEREQUEST_HANDLEREQUESTWSPL_RECEIVE_CLASSIFYREQUEST (*! constructor *) : -> Symbol\r
        ^
[HANDLEREQUEST:17] Warning : ``,'' is inserted before ``HANDLEREQUEST_HANDLEREQUESTWSPL_RECEIVE_CLASSIFYREQUEST''

        HANDLEREQUEST_HANDLEREQUESTWSPL_RECEIVE_CLASSIFYREQUEST (*! constructor *) : -> Symbol\r
							        ^
[HANDLEREQUEST:17] Error : ``,'', ``:'' is expected

        HANDLEREQUEST_HANDLEREQUESTWSPL_RECEIVE_CLASSIFYREQUEST (*! constructor *) : -> Symbol\r
							        ^
[HANDLEREQUEST:17] Error : global recovery

        HANDLEREQUEST_HANDLEREQUESTWSPL_RECEIVE_CLASSIFYREQUEST (*! constructor *) : -> Symbol\r
										   ^
[HANDLEREQUEST:17] Warning : parsing resumes on ``:''

        HANDLEREQUEST_HANDLEREQUESTWSPL_RECEIVE_CLASSIFYREQUEST (*! constructor *) : -> Symbol\r
										     ^
[HANDLEREQUEST:17] Error : ``%IDENTIFIER'' is inserted before ``->''

        HANDLEREQUEST_HANDLEREQUESTWSPL_RECEIVE_CLASSIFYREQUEST (*! constructor *) : -> Symbol\r
										     ^
[HANDLEREQUEST:17] Warning : ``->'' is replaced by ``?''

        HANDLEREQUEST_VAR_REQUESTTYPE (*! constructor *) : -> Symbol\r
        ^
[HANDLEREQUEST:18] Warning : ``,'' is inserted before ``HANDLEREQUEST_VAR_REQUESTTYPE''

        HANDLEREQUEST_VAR_REQUESTTYPE (*! constructor *) : -> Symbol\r
				      ^
[HANDLEREQUEST:18] Error : ``,'', ``:'' is expected

        HANDLEREQUEST_VAR_REQUESTTYPE (*! constructor *) : -> Symbol\r
				      ^
[HANDLEREQUEST:18] Error : global recovery

        HANDLEREQUEST_VAR_REQUESTTYPE (*! constructor *) : -> Symbol\r
							 ^
[HANDLEREQUEST:18] Warning : parsing resumes on ``:''

        HANDLEREQUEST_VAR_REQUESTTYPE (*! constructor *) : -> Symbol\r
							   ^
[HANDLEREQUEST:18] Error : ``%IDENTIFIER'' is inserted before ``->''

        HANDLEREQUEST_VAR_REQUESTTYPE (*! constructor *) : -> Symbol\r
							   ^
[HANDLEREQUEST:18] Warning : ``->'' is replaced by ``?''

        HANDLEREQUEST_IFVALID (*! constructor *) : -> Symbol\r
        ^
[HANDLEREQUEST:19] Warning : ``,'' is inserted before ``HANDLEREQUEST_IFVALID''

        HANDLEREQUEST_IFVALID (*! constructor *) : -> Symbol\r
			      ^
[HANDLEREQUEST:19] Error : ``,'', ``:'' is expected

        HANDLEREQUEST_IFVALID (*! constructor *) : -> Symbol\r
			      ^
[HANDLEREQUEST:19] Error : global recovery

        HANDLEREQUEST_IFVALID (*! constructor *) : -> Symbol\r
						 ^
[HANDLEREQUEST:19] Warning : parsing resumes on ``:''

        HANDLEREQUEST_IFVALID (*! constructor *) : -> Symbol\r
						   ^
[HANDLEREQUEST:19] Error : ``%IDENTIFIER'' is inserted before ``->''

        HANDLEREQUEST_IFVALID (*! constructor *) : -> Symbol\r
						   ^
[HANDLEREQUEST:19] Warning : ``->'' is replaced by ``?''

        HANDLEREQUEST_VAR_CREATEMANUALTASKWSREQUEST (*! constructor *) : -> Symbol\r
        ^
[HANDLEREQUEST:20] Warning : ``,'' is inserted before ``HANDLEREQUEST_VAR_CREATEMANUALTASKWSREQUEST''

        HANDLEREQUEST_VAR_CREATEMANUALTASKWSREQUEST (*! constructor *) : -> Symbol\r
						    ^
[HANDLEREQUEST:20] Error : ``,'', ``:'' is expected

        HANDLEREQUEST_VAR_CREATEMANUALTASKWSREQUEST (*! constructor *) : -> Symbol\r
						    ^
[HANDLEREQUEST:20] Error : global recovery

        HANDLEREQUEST_VAR_CREATEMANUALTASKWSREQUEST (*! constructor *) : -> Symbol\r
								       ^
[HANDLEREQUEST:20] Warning : parsing resumes on ``:''

        HANDLEREQUEST_VAR_CREATEMANUALTASKWSREQUEST (*! constructor *) : -> Symbol\r
									 ^
[HANDLEREQUEST:20] Error : ``%IDENTIFIER'' is inserted before ``->''

        HANDLEREQUEST_VAR_CREATEMANUALTASKWSREQUEST (*! constructor *) : -> Symbol\r
									 ^
[HANDLEREQUEST:20] Warning : ``->'' is replaced by ``?''

        HANDLEREQUEST_HANDLEREQUESTWSPL_INVOKE_CREATEMANUALTASK (*! constructor *) : -> Symbol\r
        ^
[HANDLEREQUEST:21] Warning : ``,'' is inserted before ``HANDLEREQUEST_HANDLEREQUESTWSPL_INVOKE_CREATEMANUALTASK''

        HANDLEREQUEST_HANDLEREQUESTWSPL_INVOKE_CREATEMANUALTASK (*! constructor *) : -> Symbol\r
							        ^
[HANDLEREQUEST:21] Error : ``,'', ``:'' is expected

        HANDLEREQUEST_HANDLEREQUESTWSPL_INVOKE_CREATEMANUALTASK (*! constructor *) : -> Symbol\r
							        ^
[HANDLEREQUEST:21] Error : global recovery

        HANDLEREQUEST_HANDLEREQUESTWSPL_INVOKE_CREATEMANUALTASK (*! constructor *) : -> Symbol\r
										   ^
[HANDLEREQUEST:21] Warning : parsing resumes on ``:''

        HANDLEREQUEST_HANDLEREQUESTWSPL_INVOKE_CREATEMANUALTASK (*! constructor *) : -> Symbol\r
										     ^
[HANDLEREQUEST:21] Error : ``%IDENTIFIER'' is inserted before ``->''

        HANDLEREQUEST_HANDLEREQUESTWSPL_INVOKE_CREATEMANUALTASK (*! constructor *) : -> Symbol\r
										     ^
[HANDLEREQUEST:21] Warning : ``->'' is replaced by ``?''

        HANDLEREQUEST_HANDLEREQUESTWSPL_RECEIVE_CREATEMANUALTASK (*! constructor *) : -> Symbol\r
        ^
[HANDLEREQUEST:22] Warning : ``,'' is inserted before ``HANDLEREQUEST_HANDLEREQUESTWSPL_RECEIVE_CREATEMANUALTASK''

        HANDLEREQUEST_HANDLEREQUESTWSPL_RECEIVE_CREATEMANUALTASK (*! constructor *) : -> Symbol\r
								 ^
[HANDLEREQUEST:22] Error : ``,'', ``:'' is expected

        HANDLEREQUEST_HANDLEREQUESTWSPL_RECEIVE_CREATEMANUALTASK (*! constructor *) : -> Symbol\r
								 ^
[HANDLEREQUEST:22] Error : global recovery

        HANDLEREQUEST_HANDLEREQUESTWSPL_RECEIVE_CREATEMANUALTASK (*! constructor *) : -> Symbol\r
										    ^
[HANDLEREQUEST:22] Warning : parsing resumes on ``:''

        HANDLEREQUEST_HANDLEREQUESTWSPL_RECEIVE_CREATEMANUALTASK (*! constructor *) : -> Symbol\r
										      ^
[HANDLEREQUEST:22] Error : ``%IDENTIFIER'' is inserted before ``->''

        HANDLEREQUEST_HANDLEREQUESTWSPL_RECEIVE_CREATEMANUALTASK (*! constructor *) : -> Symbol\r
										      ^
[HANDLEREQUEST:22] Warning : ``->'' is replaced by ``?''

        HANDLEREQUEST_IFSTANDARDREQUEST (*! constructor *) : -> Symbol\r
        ^
[HANDLEREQUEST:23] Warning : ``,'' is inserted before ``HANDLEREQUEST_IFSTANDARDREQUEST''

        HANDLEREQUEST_IFSTANDARDREQUEST (*! constructor *) : -> Symbol\r
				        ^
[HANDLEREQUEST:23] Error : ``,'', ``:'' is expected

        HANDLEREQUEST_IFSTANDARDREQUEST (*! constructor *) : -> Symbol\r
				        ^
[HANDLEREQUEST:23] Error : global recovery

        HANDLEREQUEST_IFSTANDARDREQUEST (*! constructor *) : -> Symbol\r
							   ^
[HANDLEREQUEST:23] Warning : parsing resumes on ``:''

        HANDLEREQUEST_IFSTANDARDREQUEST (*! constructor *) : -> Symbol\r
							     ^
[HANDLEREQUEST:23] Error : ``%IDENTIFIER'' is inserted before ``->''

        HANDLEREQUEST_IFSTANDARDREQUEST (*! constructor *) : -> Symbol\r
							     ^
[HANDLEREQUEST:23] Warning : ``->'' is replaced by ``?''

        HANDLEREQUEST_VAR_HANDLEREQUESTOUTPUT (*! constructor *) : -> Symbol\r
        ^
[HANDLEREQUEST:24] Warning : ``,'' is inserted before ``HANDLEREQUEST_VAR_HANDLEREQUESTOUTPUT''

        HANDLEREQUEST_VAR_HANDLEREQUESTOUTPUT (*! constructor *) : -> Symbol\r
					      ^
[HANDLEREQUEST:24] Error : ``,'', ``:'' is expected

        HANDLEREQUEST_VAR_HANDLEREQUESTOUTPUT (*! constructor *) : -> Symbol\r
					      ^
[HANDLEREQUEST:24] Error : global recovery

        HANDLEREQUEST_VAR_HANDLEREQUESTOUTPUT (*! constructor *) : -> Symbol\r
								 ^
[HANDLEREQUEST:24] Warning : parsing resumes on ``:''

        HANDLEREQUEST_VAR_HANDLEREQUESTOUTPUT (*! constructor *) : -> Symbol\r
								   ^
[HANDLEREQUEST:24] Error : ``%IDENTIFIER'' is inserted before ``->''

        HANDLEREQUEST_VAR_HANDLEREQUESTOUTPUT (*! constructor *) : -> Symbol\r
								   ^
[HANDLEREQUEST:24] Warning : ``->'' is replaced by ``?''

        HANDLEREQUEST_CLIENT_REPLY_HANDLEREQUEST (*! constructor *) : -> Symbol\r
        ^
[HANDLEREQUEST:25] Warning : ``,'' is inserted before ``HANDLEREQUEST_CLIENT_REPLY_HANDLEREQUEST''

        HANDLEREQUEST_CLIENT_REPLY_HANDLEREQUEST (*! constructor *) : -> Symbol\r
						 ^
[HANDLEREQUEST:25] Error : ``,'', ``:'' is expected

        HANDLEREQUEST_CLIENT_REPLY_HANDLEREQUEST (*! constructor *) : -> Symbol\r
						 ^
[HANDLEREQUEST:25] Error : global recovery

        HANDLEREQUEST_CLIENT_REPLY_HANDLEREQUEST (*! constructor *) : -> Symbol\r
								    ^
[HANDLEREQUEST:25] Warning : parsing resumes on ``:''

        HANDLEREQUEST_CLIENT_REPLY_HANDLEREQUEST (*! constructor *) : -> Symbol\r
								      ^
[HANDLEREQUEST:25] Error : ``%IDENTIFIER'' is inserted before ``->''

        HANDLEREQUEST_CLIENT_REPLY_HANDLEREQUEST (*! constructor *) : -> Symbol\r
								      ^
[HANDLEREQUEST:25] Warning : ``->'' is replaced by ``?''

        HANDLEREQUEST_IFVALIDELSEIF1SEQ (*! constructor *) : -> Symbol\r
        ^
[HANDLEREQUEST:26] Warning : ``,'' is inserted before ``HANDLEREQUEST_IFVALIDELSEIF1SEQ''

        HANDLEREQUEST_IFVALIDELSEIF1SEQ (*! constructor *) : -> Symbol\r
				        ^
[HANDLEREQUEST:26] Error : ``,'', ``:'' is expected

        HANDLEREQUEST_IFVALIDELSEIF1SEQ (*! constructor *) : -> Symbol\r
				        ^
[HANDLEREQUEST:26] Error : global recovery

        HANDLEREQUEST_IFVALIDELSEIF1SEQ (*! constructor *) : -> Symbol\r
							   ^
[HANDLEREQUEST:26] Warning : parsing resumes on ``:''

        HANDLEREQUEST_IFVALIDELSEIF1SEQ (*! constructor *) : -> Symbol\r
							     ^
[HANDLEREQUEST:26] Error : ``%IDENTIFIER'' is inserted before ``->''

        HANDLEREQUEST_IFVALIDELSEIF1SEQ (*! constructor *) : -> Symbol\r
							     ^
[HANDLEREQUEST:26] Warning : ``->'' is replaced by ``?''

        HANDLEREQUEST_VAR_CHECKPROCESSABILITYWSREQUEST (*! constructor *) : -> Symbol\r
        ^
[HANDLEREQUEST:27] Warning : ``,'' is inserted before ``HANDLEREQUEST_VAR_CHECKPROCESSABILITYWSREQUEST''

        HANDLEREQUEST_VAR_CHECKPROCESSABILITYWSREQUEST (*! constructor *) : -> Symbol\r
						       ^
[HANDLEREQUEST:27] Error : ``,'', ``:'' is expected

        HANDLEREQUEST_VAR_CHECKPROCESSABILITYWSREQUEST (*! constructor *) : -> Symbol\r
						       ^
[HANDLEREQUEST:27] Error : global recovery

        HANDLEREQUEST_VAR_CHECKPROCESSABILITYWSREQUEST (*! constructor *) : -> Symbol\r
									  ^
[HANDLEREQUEST:27] Warning : parsing resumes on ``:''

        HANDLEREQUEST_VAR_CHECKPROCESSABILITYWSREQUEST (*! constructor *) : -> Symbol\r
									    ^
[HANDLEREQUEST:27] Error : ``%IDENTIFIER'' is inserted before ``->''

        HANDLEREQUEST_VAR_CHECKPROCESSABILITYWSREQUEST (*! constructor *) : -> Symbol\r
									    ^
[HANDLEREQUEST:27] Warning : ``->'' is replaced by ``?''

        HANDLEREQUEST_HANDLEREQUESTWSPL_INVOKE_CHECKPROCESSABILITY (*! constructor *) : -> Symbol\r
        ^
[HANDLEREQUEST:28] Warning : ``,'' is inserted before ``HANDLEREQUEST_HANDLEREQUESTWSPL_INVOKE_CHECKPROCESSABILITY''

        HANDLEREQUEST_HANDLEREQUESTWSPL_INVOKE_CHECKPROCESSABILITY (*! constructor *) : -> Symbol\r
								   ^
[HANDLEREQUEST:28] Error : ``,'', ``:'' is expected

        HANDLEREQUEST_HANDLEREQUESTWSPL_INVOKE_CHECKPROCESSABILITY (*! constructor *) : -> Symbol\r
								   ^
[HANDLEREQUEST:28] Error : global recovery

        HANDLEREQUEST_HANDLEREQUESTWSPL_INVOKE_CHECKPROCESSABILITY (*! constructor *) : -> Symbol\r
										      ^
[HANDLEREQUEST:28] Warning : parsing resumes on ``:''

        HANDLEREQUEST_HANDLEREQUESTWSPL_INVOKE_CHECKPROCESSABILITY (*! constructor *) : -> Symbol\r
										        ^
[HANDLEREQUEST:28] Error : ``%IDENTIFIER'' is inserted before ``->''

        HANDLEREQUEST_HANDLEREQUESTWSPL_INVOKE_CHECKPROCESSABILITY (*! constructor *) : -> Symbol\r
										        ^
[HANDLEREQUEST:28] Warning : ``->'' is replaced by ``?''

        HANDLEREQUEST_HANDLEREQUESTWSPL_RECEIVE_CHECKPROCESSABILITY (*! constructor *) : -> Symbol\r
        ^
[HANDLEREQUEST:29] Warning : ``,'' is inserted before ``HANDLEREQUEST_HANDLEREQUESTWSPL_RECEIVE_CHECKPROCESSABILITY''

        HANDLEREQUEST_HANDLEREQUESTWSPL_RECEIVE_CHECKPROCESSABILITY (*! constructor *) : -> Symbol\r
								    ^
[HANDLEREQUEST:29] Error : ``,'', ``:'' is expected

        HANDLEREQUEST_HANDLEREQUESTWSPL_RECEIVE_CHECKPROCESSABILITY (*! constructor *) : -> Symbol\r
								    ^
[HANDLEREQUEST:29] Error : global recovery

        HANDLEREQUEST_HANDLEREQUESTWSPL_RECEIVE_CHECKPROCESSABILITY (*! constructor *) : -> Symbol\r
										       ^
[HANDLEREQUEST:29] Warning : parsing resumes on ``:''

        HANDLEREQUEST_HANDLEREQUESTWSPL_RECEIVE_CHECKPROCESSABILITY (*! constructor *) : -> Symbol\r
											 ^
[HANDLEREQUEST:29] Error : ``%IDENTIFIER'' is inserted before ``->''

        HANDLEREQUEST_HANDLEREQUESTWSPL_RECEIVE_CHECKPROCESSABILITY (*! constructor *) : -> Symbol\r
											 ^
[HANDLEREQUEST:29] Warning : ``->'' is replaced by ``?''

        HANDLEREQUEST_VAR_VALID (*! constructor *) : -> Symbol\r
        ^
[HANDLEREQUEST:30] Warning : ``,'' is inserted before ``HANDLEREQUEST_VAR_VALID''

        HANDLEREQUEST_VAR_VALID (*! constructor *) : -> Symbol\r
			        ^
[HANDLEREQUEST:30] Error : ``,'', ``:'' is expected

        HANDLEREQUEST_VAR_VALID (*! constructor *) : -> Symbol\r
			        ^
[HANDLEREQUEST:30] Error : global recovery

        HANDLEREQUEST_VAR_VALID (*! constructor *) : -> Symbol\r
						   ^
[HANDLEREQUEST:30] Warning : parsing resumes on ``:''

        HANDLEREQUEST_VAR_VALID (*! constructor *) : -> Symbol\r
						     ^
[HANDLEREQUEST:30] Error : ``%IDENTIFIER'' is inserted before ``->''

        HANDLEREQUEST_VAR_VALID (*! constructor *) : -> Symbol\r
						     ^
[HANDLEREQUEST:30] Warning : ``->'' is replaced by ``?''

        HANDLEREQUEST_VAR_HANDLEREQUESTWSREQUEST (*! constructor *) : -> Symbol\r
        ^
[HANDLEREQUEST:31] Warning : ``,'' is inserted before ``HANDLEREQUEST_VAR_HANDLEREQUESTWSREQUEST''

        HANDLEREQUEST_VAR_HANDLEREQUESTWSREQUEST (*! constructor *) : -> Symbol\r
						 ^
[HANDLEREQUEST:31] Error : ``,'', ``:'' is expected

        HANDLEREQUEST_VAR_HANDLEREQUESTWSREQUEST (*! constructor *) : -> Symbol\r
						 ^
[HANDLEREQUEST:31] Error : global recovery

        HANDLEREQUEST_VAR_HANDLEREQUESTWSREQUEST (*! constructor *) : -> Symbol\r
								    ^
[HANDLEREQUEST:31] Warning : parsing resumes on ``:''

        HANDLEREQUEST_VAR_HANDLEREQUESTWSREQUEST (*! constructor *) : -> Symbol\r
								      ^
[HANDLEREQUEST:31] Error : ``%IDENTIFIER'' is inserted before ``->''

        HANDLEREQUEST_VAR_HANDLEREQUESTWSREQUEST (*! constructor *) : -> Symbol\r
								      ^
[HANDLEREQUEST:31] Warning : ``->'' is replaced by ``?''

        HANDLEREQUEST_HANDLEREQUESTWSPL_INVOKE_PROCESSREQUEST (*! constructor *) : -> Symbol\r
        ^
[HANDLEREQUEST:32] Warning : ``,'' is inserted before ``HANDLEREQUEST_HANDLEREQUESTWSPL_INVOKE_PROCESSREQUEST''

        HANDLEREQUEST_HANDLEREQUESTWSPL_INVOKE_PROCESSREQUEST (*! constructor *) : -> Symbol\r
							      ^
[HANDLEREQUEST:32] Error : ``,'', ``:'' is expected

        HANDLEREQUEST_HANDLEREQUESTWSPL_INVOKE_PROCESSREQUEST (*! constructor *) : -> Symbol\r
							      ^
[HANDLEREQUEST:32] Error : global recovery

        HANDLEREQUEST_HANDLEREQUESTWSPL_INVOKE_PROCESSREQUEST (*! constructor *) : -> Symbol\r
										 ^
[HANDLEREQUEST:32] Warning : parsing resumes on ``:''

        HANDLEREQUEST_HANDLEREQUESTWSPL_INVOKE_PROCESSREQUEST (*! constructor *) : -> Symbol\r
										   ^
[HANDLEREQUEST:32] Error : ``%IDENTIFIER'' is inserted before ``->''

        HANDLEREQUEST_HANDLEREQUESTWSPL_INVOKE_PROCESSREQUEST (*! constructor *) : -> Symbol\r
										   ^
[HANDLEREQUEST:32] Warning : ``->'' is replaced by ``?''

        HANDLEREQUEST_HANDLEREQUESTWSPL_RECEIVE_PROCESSREQUEST (*! constructor *) : -> Symbol\r
        ^
[HANDLEREQUEST:33] Warning : ``,'' is inserted before ``HANDLEREQUEST_HANDLEREQUESTWSPL_RECEIVE_PROCESSREQUEST''

        HANDLEREQUEST_HANDLEREQUESTWSPL_RECEIVE_PROCESSREQUEST (*! constructor *) : -> Symbol\r
							       ^
[HANDLEREQUEST:33] Error : ``,'', ``:'' is expected

        HANDLEREQUEST_HANDLEREQUESTWSPL_RECEIVE_PROCESSREQUEST (*! constructor *) : -> Symbol\r
							       ^
[HANDLEREQUEST:33] Error : global recovery

        HANDLEREQUEST_HANDLEREQUESTWSPL_RECEIVE_PROCESSREQUEST (*! constructor *) : -> Symbol\r
										  ^
[HANDLEREQUEST:33] Warning : parsing resumes on ``:''

        HANDLEREQUEST_HANDLEREQUESTWSPL_RECEIVE_PROCESSREQUEST (*! constructor *) : -> Symbol\r
										    ^
[HANDLEREQUEST:33] Error : ``%IDENTIFIER'' is inserted before ``->''

        HANDLEREQUEST_HANDLEREQUESTWSPL_RECEIVE_PROCESSREQUEST (*! constructor *) : -> Symbol\r
										    ^
[HANDLEREQUEST:33] Warning : ``->'' is replaced by ``?''

        HANDLEREQUEST_IFVALIDCOMPLEX (*! constructor *) : -> Symbol\r
        ^
[HANDLEREQUEST:34] Warning : ``,'' is inserted before ``HANDLEREQUEST_IFVALIDCOMPLEX''

        HANDLEREQUEST_IFVALIDCOMPLEX (*! constructor *) : -> Symbol\r
				     ^
[HANDLEREQUEST:34] Error : ``,'', ``:'' is expected

        HANDLEREQUEST_IFVALIDCOMPLEX (*! constructor *) : -> Symbol\r
				     ^
[HANDLEREQUEST:34] Error : global recovery

        HANDLEREQUEST_IFVALIDCOMPLEX (*! constructor *) : -> Symbol\r
						        ^
[HANDLEREQUEST:34] Warning : parsing resumes on ``:''

        HANDLEREQUEST_IFVALIDCOMPLEX (*! constructor *) : -> Symbol\r
							  ^
[HANDLEREQUEST:34] Error : ``%IDENTIFIER'' is inserted before ``->''

        HANDLEREQUEST_IFVALIDCOMPLEX (*! constructor *) : -> Symbol\r
							  ^
[HANDLEREQUEST:34] Warning : ``->'' is replaced by ``?''

        HANDLEREQUEST_VAR_HANDLECOMPLEXREQUESTOUTPUT (*! constructor *) : -> Symbol\r
        ^
[HANDLEREQUEST:35] Warning : ``,'' is inserted before ``HANDLEREQUEST_VAR_HANDLECOMPLEXREQUESTOUTPUT''

        HANDLEREQUEST_VAR_HANDLECOMPLEXREQUESTOUTPUT (*! constructor *) : -> Symbol\r
						     ^
[HANDLEREQUEST:35] Error : ``,'', ``:'' is expected

        HANDLEREQUEST_VAR_HANDLECOMPLEXREQUESTOUTPUT (*! constructor *) : -> Symbol\r
						     ^
[HANDLEREQUEST:35] Error : global recovery

        HANDLEREQUEST_VAR_HANDLECOMPLEXREQUESTOUTPUT (*! constructor *) : -> Symbol\r
								        ^
[HANDLEREQUEST:35] Warning : parsing resumes on ``:''

        HANDLEREQUEST_VAR_HANDLECOMPLEXREQUESTOUTPUT (*! constructor *) : -> Symbol\r
									  ^
[HANDLEREQUEST:35] Error : ``%IDENTIFIER'' is inserted before ``->''

        HANDLEREQUEST_VAR_HANDLECOMPLEXREQUESTOUTPUT (*! constructor *) : -> Symbol\r
									  ^
[HANDLEREQUEST:35] Warning : ``->'' is replaced by ``?''

        HANDLEREQUEST_CLIENT_REPLY_HANDLECOMPLEXREQUEST (*! constructor *) : -> Symbol\r
        ^
[HANDLEREQUEST:36] Warning : ``,'' is inserted before ``HANDLEREQUEST_CLIENT_REPLY_HANDLECOMPLEXREQUEST''

        HANDLEREQUEST_CLIENT_REPLY_HANDLECOMPLEXREQUEST (*! constructor *) : -> Symbol\r
						        ^
[HANDLEREQUEST:36] Error : ``,'', ``:'' is expected

        HANDLEREQUEST_CLIENT_REPLY_HANDLECOMPLEXREQUEST (*! constructor *) : -> Symbol\r
						        ^
[HANDLEREQUEST:36] Error : global recovery

        HANDLEREQUEST_CLIENT_REPLY_HANDLECOMPLEXREQUEST (*! constructor *) : -> Symbol\r
									   ^
[HANDLEREQUEST:36] Warning : parsing resumes on ``:''

        HANDLEREQUEST_CLIENT_REPLY_HANDLECOMPLEXREQUEST (*! constructor *) : -> Symbol\r
									     ^
[HANDLEREQUEST:36] Error : ``%IDENTIFIER'' is inserted before ``->''

        HANDLEREQUEST_CLIENT_REPLY_HANDLECOMPLEXREQUEST (*! constructor *) : -> Symbol\r
									     ^
[HANDLEREQUEST:36] Warning : ``->'' is replaced by ``?''

        HANDLEREQUEST_IFVALIDCOMPLEXELSEIF1SEQ (*! constructor *) : -> Symbol\r
        ^
[HANDLEREQUEST:37] Warning : ``,'' is inserted before ``HANDLEREQUEST_IFVALIDCOMPLEXELSEIF1SEQ''

        HANDLEREQUEST_IFVALIDCOMPLEXELSEIF1SEQ (*! constructor *) : -> Symbol\r
					       ^
[HANDLEREQUEST:37] Error : ``,'', ``:'' is expected

        HANDLEREQUEST_IFVALIDCOMPLEXELSEIF1SEQ (*! constructor *) : -> Symbol\r
					       ^
[HANDLEREQUEST:37] Error : global recovery

        HANDLEREQUEST_IFVALIDCOMPLEXELSEIF1SEQ (*! constructor *) : -> Symbol\r
								  ^
[HANDLEREQUEST:37] Warning : parsing resumes on ``:''

        HANDLEREQUEST_IFVALIDCOMPLEXELSEIF1SEQ (*! constructor *) : -> Symbol\r
								    ^
[HANDLEREQUEST:37] Error : ``%IDENTIFIER'' is inserted before ``->''

        HANDLEREQUEST_IFVALIDCOMPLEXELSEIF1SEQ (*! constructor *) : -> Symbol\r
								    ^
[HANDLEREQUEST:37] Warning : ``->'' is replaced by ``?''

        HANDLEREQUEST_VAR_REJECTREQUESTWSREQ (*! constructor *) : -> Symbol\r
        ^
[HANDLEREQUEST:38] Warning : ``,'' is inserted before ``HANDLEREQUEST_VAR_REJECTREQUESTWSREQ''

        HANDLEREQUEST_VAR_REJECTREQUESTWSREQ (*! constructor *) : -> Symbol\r
					     ^
[HANDLEREQUEST:38] Error : ``,'', ``:'' is expected

        HANDLEREQUEST_VAR_REJECTREQUESTWSREQ (*! constructor *) : -> Symbol\r
					     ^
[HANDLEREQUEST:38] Error : global recovery

        HANDLEREQUEST_VAR_REJECTREQUESTWSREQ (*! constructor *) : -> Symbol\r
							        ^
[HANDLEREQUEST:38] Warning : parsing resumes on ``:''

        HANDLEREQUEST_VAR_REJECTREQUESTWSREQ (*! constructor *) : -> Symbol\r
								  ^
[HANDLEREQUEST:38] Error : ``%IDENTIFIER'' is inserted before ``->''

        HANDLEREQUEST_VAR_REJECTREQUESTWSREQ (*! constructor *) : -> Symbol\r
								  ^
[HANDLEREQUEST:38] Warning : ``->'' is replaced by ``?''

        HANDLEREQUEST_HANDLEREQUESTWSPL_INVOKE_REJECTREQUESTWS (*! constructor *) : -> Symbol\r
        ^
[HANDLEREQUEST:39] Warning : ``,'' is inserted before ``HANDLEREQUEST_HANDLEREQUESTWSPL_INVOKE_REJECTREQUESTWS''

        HANDLEREQUEST_HANDLEREQUESTWSPL_INVOKE_REJECTREQUESTWS (*! constructor *) : -> Symbol\r
							       ^
[HANDLEREQUEST:39] Error : ``,'', ``:'' is expected

        HANDLEREQUEST_HANDLEREQUESTWSPL_INVOKE_REJECTREQUESTWS (*! constructor *) : -> Symbol\r
							       ^
[HANDLEREQUEST:39] Error : global recovery

        HANDLEREQUEST_HANDLEREQUESTWSPL_INVOKE_REJECTREQUESTWS (*! constructor *) : -> Symbol\r
										  ^
[HANDLEREQUEST:39] Warning : parsing resumes on ``:''

        HANDLEREQUEST_HANDLEREQUESTWSPL_INVOKE_REJECTREQUESTWS (*! constructor *) : -> Symbol\r
										    ^
[HANDLEREQUEST:39] Error : ``%IDENTIFIER'' is inserted before ``->''

        HANDLEREQUEST_HANDLEREQUESTWSPL_INVOKE_REJECTREQUESTWS (*! constructor *) : -> Symbol\r
										    ^
[HANDLEREQUEST:39] Warning : ``->'' is replaced by ``?''

        HANDLEREQUEST_HANDLEREQUESTWSPL_RECEIVE_REJECTREQUESTWS (*! constructor *) : -> Symbol\r
        ^
[HANDLEREQUEST:40] Warning : ``,'' is inserted before ``HANDLEREQUEST_HANDLEREQUESTWSPL_RECEIVE_REJECTREQUESTWS''

        HANDLEREQUEST_HANDLEREQUESTWSPL_RECEIVE_REJECTREQUESTWS (*! constructor *) : -> Symbol\r
							        ^
[HANDLEREQUEST:40] Error : ``,'', ``:'' is expected

        HANDLEREQUEST_HANDLEREQUESTWSPL_RECEIVE_REJECTREQUESTWS (*! constructor *) : -> Symbol\r
							        ^
[HANDLEREQUEST:40] Error : global recovery

        HANDLEREQUEST_HANDLEREQUESTWSPL_RECEIVE_REJECTREQUESTWS (*! constructor *) : -> Symbol\r
										   ^
[HANDLEREQUEST:40] Warning : parsing resumes on ``:''

        HANDLEREQUEST_HANDLEREQUESTWSPL_RECEIVE_REJECTREQUESTWS (*! constructor *) : -> Symbol\r
										     ^
[HANDLEREQUEST:40] Error : ``%IDENTIFIER'' is inserted before ``->''

        HANDLEREQUEST_HANDLEREQUESTWSPL_RECEIVE_REJECTREQUESTWS (*! constructor *) : -> Symbol\r
										     ^
[HANDLEREQUEST:40] Warning : ``->'' is replaced by ``?''

        HANDLEREQUEST_VAR_REJECTREQUESTOUTPUT (*! constructor *) : -> Symbol\r
        ^
[HANDLEREQUEST:41] Warning : ``,'' is inserted before ``HANDLEREQUEST_VAR_REJECTREQUESTOUTPUT''

        HANDLEREQUEST_VAR_REJECTREQUESTOUTPUT (*! constructor *) : -> Symbol\r
					      ^
[HANDLEREQUEST:41] Error : ``,'', ``:'' is expected

        HANDLEREQUEST_VAR_REJECTREQUESTOUTPUT (*! constructor *) : -> Symbol\r
					      ^
[HANDLEREQUEST:41] Error : global recovery

        HANDLEREQUEST_VAR_REJECTREQUESTOUTPUT (*! constructor *) : -> Symbol\r
								 ^
[HANDLEREQUEST:41] Warning : parsing resumes on ``:''

        HANDLEREQUEST_VAR_REJECTREQUESTOUTPUT (*! constructor *) : -> Symbol\r
								   ^
[HANDLEREQUEST:41] Error : ``%IDENTIFIER'' is inserted before ``->''

        HANDLEREQUEST_VAR_REJECTREQUESTOUTPUT (*! constructor *) : -> Symbol\r
								   ^
[HANDLEREQUEST:41] Warning : ``->'' is replaced by ``?''

        HANDLEREQUEST_CLIENT_REPLY_REJECTREQUEST (*! constructor *) : -> Symbol\r
        ^
[HANDLEREQUEST:42] Warning : ``,'' is inserted before ``HANDLEREQUEST_CLIENT_REPLY_REJECTREQUEST''

        HANDLEREQUEST_CLIENT_REPLY_REJECTREQUEST (*! constructor *) : -> Symbol\r
						 ^
[HANDLEREQUEST:42] Error : ``,'', ``:'' is expected

        HANDLEREQUEST_CLIENT_REPLY_REJECTREQUEST (*! constructor *) : -> Symbol\r
						 ^
[HANDLEREQUEST:42] Error : global recovery

        HANDLEREQUEST_CLIENT_REPLY_REJECTREQUEST (*! constructor *) : -> Symbol\r
								    ^
[HANDLEREQUEST:42] Warning : parsing resumes on ``:''

        HANDLEREQUEST_CLIENT_REPLY_REJECTREQUEST (*! constructor *) : -> Symbol\r
								      ^
[HANDLEREQUEST:42] Error : ``%IDENTIFIER'' is inserted before ``->''

        HANDLEREQUEST_CLIENT_REPLY_REJECTREQUEST (*! constructor *) : -> Symbol\r
								      ^
[HANDLEREQUEST:42] Warning : ``->'' is replaced by ``?''

        HANDLEREQUEST_VAR_OK (*! constructor *) : -> Symbol\r
        ^
[HANDLEREQUEST:43] Warning : ``,'' is inserted before ``HANDLEREQUEST_VAR_OK''

        HANDLEREQUEST_VAR_OK (*! constructor *) : -> Symbol\r
			     ^
[HANDLEREQUEST:43] Error : ``,'', ``:'' is expected

        HANDLEREQUEST_VAR_OK (*! constructor *) : -> Symbol\r
			     ^
[HANDLEREQUEST:43] Error : global recovery

        HANDLEREQUEST_VAR_OK (*! constructor *) : -> Symbol\r
					        ^
[HANDLEREQUEST:43] Warning : parsing resumes on ``:''

        HANDLEREQUEST_VAR_OK (*! constructor *) : -> Symbol\r
						  ^
[HANDLEREQUEST:43] Error : ``%IDENTIFIER'' is inserted before ``->''

        HANDLEREQUEST_VAR_OK (*! constructor *) : -> Symbol\r
						  ^
[HANDLEREQUEST:43] Warning : ``->'' is replaced by ``?''

        WRITE (*! constructor *) : -> Symbol\r
        ^
[HANDLEREQUEST:44] Warning : ``,'' is inserted before ``WRITE''

        WRITE (*! constructor *) : -> Symbol\r
	      ^
[HANDLEREQUEST:44] Error : ``,'', ``:'' is expected

        WRITE (*! constructor *) : -> Symbol\r
	      ^
[HANDLEREQUEST:44] Error : global recovery

        WRITE (*! constructor *) : -> Symbol\r
				 ^
[HANDLEREQUEST:44] Warning : parsing resumes on ``:''

        WRITE (*! constructor *) : -> Symbol\r
				   ^
[HANDLEREQUEST:44] Error : ``%IDENTIFIER'' is inserted before ``->''

        WRITE (*! constructor *) : -> Symbol\r
				   ^
[HANDLEREQUEST:44] Warning : ``->'' is replaced by ``?''

        HANDLEREQUEST_HANDLESERVICE (*! constructor *) : -> Symbol\r
        ^
[HANDLEREQUEST:45] Warning : ``,'' is inserted before ``HANDLEREQUEST_HANDLESERVICE''

        HANDLEREQUEST_HANDLESERVICE (*! constructor *) : -> Symbol\r
				    ^
[HANDLEREQUEST:45] Error : ``,'', ``:'' is expected

        HANDLEREQUEST_HANDLESERVICE (*! constructor *) : -> Symbol\r
				    ^
[HANDLEREQUEST:45] Error : global recovery

        HANDLEREQUEST_HANDLESERVICE (*! constructor *) : -> Symbol\r
						       ^
[HANDLEREQUEST:45] Warning : parsing resumes on ``:''

        HANDLEREQUEST_HANDLESERVICE (*! constructor *) : -> Symbol\r
							 ^
[HANDLEREQUEST:45] Error : ``%IDENTIFIER'' is inserted before ``->''

        HANDLEREQUEST_HANDLESERVICE (*! constructor *) : -> Symbol\r
							 ^
[HANDLEREQUEST:45] Warning : ``->'' is replaced by ``?''

        CONDITION (*! constructor *) : -> Symbol\r
        ^
[HANDLEREQUEST:46] Warning : ``,'' is inserted before ``CONDITION''

        CONDITION (*! constructor *) : -> Symbol\r
		  ^
[HANDLEREQUEST:46] Error : ``,'', ``:'' is expected

        CONDITION (*! constructor *) : -> Symbol\r
		  ^
[HANDLEREQUEST:46] Error : global recovery

        CONDITION (*! constructor *) : -> Symbol\r
				     ^
[HANDLEREQUEST:46] Warning : parsing resumes on ``:''

        CONDITION (*! constructor *) : -> Symbol\r
				       ^
[HANDLEREQUEST:46] Error : ``%IDENTIFIER'' is inserted before ``->''

        CONDITION (*! constructor *) : -> Symbol\r
				       ^
[HANDLEREQUEST:46] Warning : ``->'' is replaced by ``?''

        READ (*! constructor *) : -> Symbol\r
        ^
[HANDLEREQUEST:47] Warning : ``,'' is inserted before ``READ''

        READ (*! constructor *) : -> Symbol\r
	     ^
[HANDLEREQUEST:47] Error : ``,'', ``:'' is expected

        READ (*! constructor *) : -> Symbol\r
	     ^
[HANDLEREQUEST:47] Error : global recovery

        READ (*! constructor *) : -> Symbol\r
			        ^
[HANDLEREQUEST:47] Warning : parsing resumes on ``:''

        READ (*! constructor *) : -> Symbol\r
				  ^
[HANDLEREQUEST:47] Error : ``%IDENTIFIER'' is inserted before ``->''

        READ (*! constructor *) : -> Symbol\r
				  ^
[HANDLEREQUEST:47] Warning : ``->'' is replaced by ``?''

        FALSE (*! constructor *) : -> Symbol\r
        ^
[HANDLEREQUEST:48] Warning : ``,'' is inserted before ``FALSE''

        FALSE (*! constructor *) : -> Symbol\r
	      ^
[HANDLEREQUEST:48] Error : ``,'', ``:'' is expected

        FALSE (*! constructor *) : -> Symbol\r
	      ^
[HANDLEREQUEST:48] Error : global recovery

        FALSE (*! constructor *) : -> Symbol\r
				 ^
[HANDLEREQUEST:48] Warning : parsing resumes on ``:''

        FALSE (*! constructor *) : -> Symbol\r
				   ^
[HANDLEREQUEST:48] Error : ``%IDENTIFIER'' is inserted before ``->''

        FALSE (*! constructor *) : -> Symbol\r
				   ^
[HANDLEREQUEST:48] Warning : ``->'' is replaced by ``?''

        TRUE (*! constructor *) : -> Symbol\r
        ^
[HANDLEREQUEST:49] Warning : ``,'' is inserted before ``TRUE''

        TRUE (*! constructor *) : -> Symbol\r
	     ^
[HANDLEREQUEST:49] Error : ``,'', ``:'' is expected

        TRUE (*! constructor *) : -> Symbol\r
	     ^
[HANDLEREQUEST:49] Error : global recovery

        TRUE (*! constructor *) : -> Symbol\r
			        ^
[HANDLEREQUEST:49] Warning : parsing resumes on ``:''

        TRUE (*! constructor *) : -> Symbol\r
				  ^
[HANDLEREQUEST:49] Error : ``%IDENTIFIER'' is inserted before ``->''

        TRUE (*! constructor *) : -> Symbol\r
				  ^
[HANDLEREQUEST:49] Warning : ``->'' is replaced by ``?''

        _==_ : Symbol, Symbol -> Int\r
        ^
[HANDLEREQUEST:50] Error : ``,'', ``:'' is expected

        _==_ : Symbol, Symbol -> Int\r
        ^
[HANDLEREQUEST:50] Error : global recovery

        _==_ : Symbol, Symbol -> Int\r
	     ^
[HANDLEREQUEST:50] Warning : parsing resumes on ``:''

        _==_ : Symbol, Symbol -> Int\r
		     ^
[HANDLEREQUEST:50] Warning : ``,'' is replaced by ``=''

        _==_ : Symbol, Symbol -> Int\r
			      ^
[HANDLEREQUEST:50] Warning : ``->'' is replaced by ``(''

        _<>_ : Symbol, Symbol -> Int\r
        ^
[HANDLEREQUEST:51] Warning : ``_'' is replaced by ``(''

        _<>_ : Symbol, Symbol -> Int\r
	   ^
[HANDLEREQUEST:51] Error : global recovery

        _<>_ : Symbol, Symbol -> Int\r
	     ^
[HANDLEREQUEST:51] Warning : parsing resumes on ``:''

        _<>_ : Symbol, Symbol -> Int\r
		     ^
[HANDLEREQUEST:51] Warning : ``,'' is replaced by ``=''

        _<>_ : Symbol, Symbol -> Int\r
			      ^
[HANDLEREQUEST:51] Warning : ``->'' is replaced by ``(''

    eqns\r
    ^
[HANDLEREQUEST:53] Error : global recovery

        forall s1,s2: Symbol\r
		    ^
[HANDLEREQUEST:54] Warning : parsing resumes on ``:''

        ofsort Int\r
        ^
[HANDLEREQUEST:56] Warning : ``OFSORT'' is replaced by ``=''

        s1 == s1 = true;\r
		 ^
[HANDLEREQUEST:57] Warning : ``='' is replaced by ``(''

        s1 == s1 = true;\r
		       ^
[HANDLEREQUEST:57] Warning : ``;'' is replaced by ``(''

        s1 == s2 = false; (* assuming priority *)\r
		 ^
[HANDLEREQUEST:58] Warning : ``='' is replaced by ``(''

        s1 == s2 = false; (* assuming priority *)\r
		        ^
[HANDLEREQUEST:58] Warning : ``;'' is replaced by ``(''

        s1 <> s2 = not (s1 == s2);\r
		 ^
[HANDLEREQUEST:60] Warning : ``='' is replaced by ``(''

        s1 <> s2 = not (s1 == s2);\r
				 ^
[HANDLEREQUEST:60] Error : ``OF'', ``,'', ``)'', ``%IDENTIFIER'', ``%SPECIAL_IDENTIFIER'' is expected

        s1 <> s2 = not (s1 == s2);\r
				 ^
[HANDLEREQUEST:60] Error : global recovery

        s1 <> s2 = not (s1 == s2);\r
				 ^
[HANDLEREQUEST:60] Warning : parsing resumes on ``;''

endtype\r
^
[HANDLEREQUEST:61] Error : ``STOP'', ``EXIT'', ``('', ``%IDENTIFIER'' is expected

endtype\r
^
[HANDLEREQUEST:61] Error : global recovery

endtype\r
^
[HANDLEREQUEST:61] Warning : parsing resumes on ``ENDTYPE''
