lola: NET
lola:   reading net from HandleRequest_ch.lola
lola:   finished parsing
lola:   closed net file HandleRequest_ch.lola
lola:   138/65536 symbol table entries, 0 collisions
lola:   preprocessing... 
lola:   finding significant places
lola:   73 places, 65 transitions, 64 significant places
lola:   computing forward-conflicting sets
lola:   computing back-conflicting sets
lola:   56 transition conflict sets
lola: TASK
lola:   read: (in.client.handleRequest > 0 -> AG (EF (p33 > 0)))
lola:   formula length: 50
lola:   checking a Boolean combination of subproblems
lola: RUNNING
lola:   ========================================
lola:   ...considering subproblem: in.client.handleRequest <= 0
lola:   ========================================
lola:   SUBTASK
lola:     checking initial satisfaction
lola:     processed formula with 1 atomic propositions
lola:   RUNNING
lola:   SUBRESULT
lola:     result: yes
lola:     The net satisfies the property already in its initial state.
lola:     0 markings, 0 edges
lola:   ========================================
lola: RESULT
lola:   result: yes
lola:   The Boolean predicate is true.
lola: NET
lola:   reading net from HandleRequest_ch.lola
lola:   finished parsing
lola:   closed net file HandleRequest_ch.lola
lola:   138/65536 symbol table entries, 0 collisions
lola:   preprocessing... 
lola:   finding significant places
lola:   73 places, 65 transitions, 64 significant places
lola:   computing forward-conflicting sets
lola:   computing back-conflicting sets
lola:   56 transition conflict sets
lola: TASK
lola:   read: (in.client.handleRequest > 0 -> AG (EF (p33 > 0)))
lola:   formula length: 50
lola:   checking a Boolean combination of subproblems
lola: RUNNING
lola:   ========================================
lola:   ...considering subproblem: in.client.handleRequest <= 0
lola:   ========================================
lola:   SUBTASK
lola:     checking initial satisfaction
lola:     processed formula with 1 atomic propositions
lola:   RUNNING
lola:   SUBRESULT
lola:     result: yes
lola:     The net satisfies the property already in its initial state.
lola:     0 markings, 0 edges
lola:   ========================================
lola: RESULT
lola:   result: yes
lola:   The Boolean predicate is true.
lola: NET
lola:   reading net from HandleRequest_ch.lola
lola:   finished parsing
lola:   closed net file HandleRequest_ch.lola
lola:   138/65536 symbol table entries, 0 collisions
lola:   preprocessing... 
lola:   finding significant places
lola:   73 places, 65 transitions, 64 significant places
lola:   computing forward-conflicting sets
lola:   computing back-conflicting sets
lola:   56 transition conflict sets
lola: TASK
lola:   read: (in.client.handleComplexRequest > 0 -> AG (!(DEADLOCK)))
lola:   formula length: 56
lola:   checking a Boolean combination of subproblems
lola: RUNNING
lola:   ========================================
lola:   ...considering subproblem: in.client.handleComplexRequest <= 0
lola:   ========================================
lola:   SUBTASK
lola:     checking initial satisfaction
lola:     processed formula with 1 atomic propositions
lola:   RUNNING
lola:   SUBRESULT
lola:     result: yes
lola:     The net satisfies the property already in its initial state.
lola:     print witness state (--state)
lola:     writing witness state to stdout
lola:     no witness state generated
lola:     closed witness state file stdout
lola:     print witness path (--path)
lola:     writing witness path to stdout
lola:     closed witness path file stdout
lola:     0 markings, 0 edges
lola: RESULT
lola:   result: yes
lola:   ========================================
lola:   The Boolean predicate is true.
lola:   print witness state (--state)
lola:   writing witness state to stdout
lola:   no witness state generated
lola:   closed witness state file stdout
lola: NET
lola:   reading net from HandleRequest_ch.lola
lola:   finished parsing
lola:   closed net file HandleRequest_ch.lola
lola:   138/65536 symbol table entries, 0 collisions
lola:   preprocessing... 
lola:   finding significant places
lola:   73 places, 65 transitions, 64 significant places
lola:   computing forward-conflicting sets
lola:   computing back-conflicting sets
lola:   56 transition conflict sets
lola: TASK
lola:   read: (in.client.handleComplexRequest > 0 -> AG (!(DEADLOCK)))
lola:   formula length: 56
lola:   checking a Boolean combination of subproblems
lola: RUNNING
lola:   ========================================
lola:   ...considering subproblem: in.client.handleComplexRequest <= 0
lola:   ========================================
lola:   SUBTASK
lola:     checking initial satisfaction
lola:     processed formula with 1 atomic propositions
lola:   RUNNING
lola:   SUBRESULT
lola:     result: yes
lola:     The net satisfies the property already in its initial state.
lola:     print witness state (--state)
lola:     writing witness state to stdout
lola:     no witness state generated
lola:     closed witness state file stdout
lola:     print witness path (--path)
lola:     writing witness path to stdout
lola:     closed witness path file stdout
lola:     0 markings, 0 edges
lola:   ========================================
lola: RESULT
lola:   result: yes
lola:   The Boolean predicate is true.
lola:   print witness state (--state)
lola:   writing witness state to stdout
lola:   no witness state generated
lola:   closed witness state file stdout
lola: NET
lola:   reading net from HandleRequest_ch.lola
lola:   finished parsing
lola:   closed net file HandleRequest_ch.lola
lola:   138/65536 symbol table entries, 0 collisions
lola:   preprocessing... 
lola:   finding significant places
lola:   73 places, 65 transitions, 64 significant places
lola:   computing forward-conflicting sets
lola:   computing back-conflicting sets
lola:   56 transition conflict sets
lola: TASK
lola:   read: (in.client.handleComplexRequest > 0 -> AG (EF (p33 > 0)))
lola:   formula length: 57
lola:   checking a Boolean combination of subproblems
lola: RUNNING
lola:   ========================================
lola:   ...considering subproblem: in.client.handleComplexRequest <= 0
lola:   ========================================
lola:   SUBTASK
lola:     checking initial satisfaction
lola:     processed formula with 1 atomic propositions
lola:   RUNNING
lola:   SUBRESULT
lola:     result: yes
lola:     The net satisfies the property already in its initial state.
lola:     print witness state (--state)
lola:     writing witness state to stdout
lola:     no witness state generated
lola:     closed witness state file stdout
lola:     print witness path (--path)
lola:     writing witness path to stdout
lola:     closed witness path file stdout
lola:     0 markings, 0 edges
lola:   ========================================
lola: RESULT
lola:   result: yes
lola:   The Boolean predicate is true.
lola:   print witness state (--state)
lola:   writing witness state to stdout
lola:   no witness state generated
lola:   closed witness state file stdout
lola: NET
lola:   reading net from HandleRequest_pn.lola
lola:   finished parsing
lola:   closed net file HandleRequest_pn.lola
lola:   1569/65536 symbol table entries, 0 collisions
lola:   preprocessing... 
lola:   finding significant places
lola:   648 places, 921 transitions, 563 significant places
lola:   computing forward-conflicting sets
lola:   computing back-conflicting sets
lola:   951 transition conflict sets
lola: TASK
lola:   read: AG (EF (p648 > 0))
lola:   formula length: 18
lola:   checking liveness
lola:   liveness not yet implemented, converting to CTL...
lola:   processed formula: !(E(TRUE U !(E(TRUE U p648 > 0))))
lola:   processed formula length: 34
lola:   3 rewrites
lola:   formula mentions 1 of 648 places; total mentions: 1
lola: STORE
lola:   using a bit-perfect encoder (--encoder=bit)
lola:   using 2252 bytes per marking, with 0 unused bits
lola:   using a prefix tree store (--store=prefix)
lola: RUNNING
lola:   CTL formula contains 2 significant temporal operators and needs 9 bytes of payload
lola: RESULT
lola:   result: yes
lola:   The net satisfies the given formula.
lola:   238 markings, 722 edges
lola: NET
lola:   reading net from HandleRequest_pn.lola
lola:   finished parsing
lola:   closed net file HandleRequest_pn.lola
lola:   1569/65536 symbol table entries, 0 collisions
lola:   preprocessing... 
lola:   finding significant places
lola:   648 places, 921 transitions, 563 significant places
lola:   computing forward-conflicting sets
lola:   computing back-conflicting sets
lola:   951 transition conflict sets
lola: TASK
lola:   read: AG (EF (p648 > 0))
lola:   formula length: 18
lola:   checking liveness
lola:   liveness not yet implemented, converting to CTL...
lola:   processed formula: !(E(TRUE U !(E(TRUE U p648 > 0))))
lola:   processed formula length: 34
lola:   3 rewrites
lola:   formula mentions 1 of 648 places; total mentions: 1
lola: STORE
lola:   using a bit-perfect encoder (--encoder=bit)
lola:   using 2252 bytes per marking, with 0 unused bits
lola:   using a prefix tree store (--store=prefix)
lola: RUNNING
lola:   CTL formula contains 2 significant temporal operators and needs 9 bytes of payload
lola: RESULT
lola:   result: yes
lola:   The net satisfies the given formula.
lola:   238 markings, 722 edges
lola: NET
lola:   reading net from HandleRequest_pn.lola
lola:   finished parsing
lola:   closed net file HandleRequest_pn.lola
lola:   1569/65536 symbol table entries, 0 collisions
lola:   preprocessing... 
lola:   finding significant places
lola:   648 places, 921 transitions, 563 significant places
lola:   computing forward-conflicting sets
lola:   computing back-conflicting sets
lola:   951 transition conflict sets
lola: TASK
lola:   read: (p3 > 0 -> AG (!(DEADLOCK)))
lola:   formula length: 28
lola:   checking a Boolean combination of subproblems
lola: RUNNING
lola:   ========================================
lola:   ...considering subproblem: p3 <= 0
lola:   ========================================
lola:   SUBTASK
lola:     checking initial satisfaction
lola:     processed formula with 1 atomic propositions
lola:   RUNNING
lola:   SUBRESULT
lola:     result: yes
lola:     The net satisfies the property already in its initial state.
lola:     print witness state (--state)
lola:     writing witness state to stdout
lola:     no witness state generated
lola:     closed witness state file stdout
lola:     print witness path (--path)
lola:     writing witness path to stdout
lola:     closed witness path file stdout
lola:     0 markings, 0 edges
lola:   ========================================
lola: RESULT
lola:   result: yes
lola:   The Boolean predicate is true.
lola:   print witness state (--state)
lola:   writing witness state to stdout
lola:   no witness state generated
lola:   closed witness state file stdout
