lola: NET
lola:   reading net from HandleCaseProcess_ch.lola
lola:   finished parsing
lola:   closed net file HandleCaseProcess_ch.lola
lola:   198/65536 symbol table entries, 0 collisions
lola:   preprocessing... 
lola:   finding significant places
lola:   112 places, 86 transitions, 86 significant places
lola:   computing forward-conflicting sets
lola:   computing back-conflicting sets
lola:   73 transition conflict sets
lola: TASK
lola:   read: (in.client.handleCase > 0 -> AG (EF (p62 > 0)))
lola:   formula length: 47
lola:   checking a Boolean combination of subproblems
lola: RUNNING
lola:   ========================================
lola:   ...considering subproblem: in.client.handleCase <= 0
lola:   ========================================
lola:   SUBTASK
lola:     checking initial satisfaction
lola:     processed formula with 1 atomic propositions
lola:   RUNNING
lola:   SUBRESULT
lola:     result: yes
lola:     The net satisfies the property already in its initial state.
lola:     0 markings, 0 edges
lola:   ========================================
lola: RESULT
lola:   result: yes
lola:   The Boolean predicate is true.
lola: NET
lola:   reading net from HandleCaseProcess_ch.lola
lola:   finished parsing
lola:   closed net file HandleCaseProcess_ch.lola
lola:   198/65536 symbol table entries, 0 collisions
lola:   preprocessing... 
lola:   finding significant places
lola:   112 places, 86 transitions, 86 significant places
lola:   computing forward-conflicting sets
lola:   computing back-conflicting sets
lola:   73 transition conflict sets
lola: TASK
lola:   read: (in.client.handleCase > 0 -> AG (EF (p62 > 0)))
lola:   formula length: 47
lola:   checking a Boolean combination of subproblems
lola: RUNNING
lola:   ========================================
lola:   ...considering subproblem: in.client.handleCase <= 0
lola:   ========================================
lola:   SUBTASK
lola:     checking initial satisfaction
lola:     processed formula with 1 atomic propositions
lola:   RUNNING
lola:   SUBRESULT
lola:     result: yes
lola:     The net satisfies the property already in its initial state.
lola:     0 markings, 0 edges
lola:   ========================================
lola: RESULT
lola:   result: yes
lola:   The Boolean predicate is true.
lola: NET
lola:   reading net from HandleCaseProcess_ch.lola
lola:   finished parsing
lola:   closed net file HandleCaseProcess_ch.lola
lola:   198/65536 symbol table entries, 0 collisions
lola:   preprocessing... 
lola:   finding significant places
lola:   112 places, 86 transitions, 86 significant places
lola:   computing forward-conflicting sets
lola:   computing back-conflicting sets
lola:   73 transition conflict sets
lola: TASK
lola:   read: (in.client.handleObjection > 0 -> AG (!(DEADLOCK)))
lola:   formula length: 51
lola:   checking a Boolean combination of subproblems
lola: RUNNING
lola:   ========================================
lola:   ...considering subproblem: in.client.handleObjection <= 0
lola:   ========================================
lola:   SUBTASK
lola:     checking initial satisfaction
lola:     processed formula with 1 atomic propositions
lola:   RUNNING
lola:   SUBRESULT
lola:     result: yes
lola:     The net satisfies the property already in its initial state.
lola:     print witness state (--state)
lola:     writing witness state to stdout
lola:     no witness state generated
lola:     closed witness state file stdout
lola:     print witness path (--path)
lola:     writing witness path to stdout
lola:     closed witness path file stdout
lola:     0 markings, 0 edges
lola:   ========================================
lola: RESULT
lola:   result: yes
lola:   The Boolean predicate is true.
lola:   print witness state (--state)
lola:   writing witness state to stdout
lola:   no witness state generated
lola:   closed witness state file stdout
lola: NET
lola:   reading net from HandleCaseProcess_ch.lola
lola:   finished parsing
lola:   closed net file HandleCaseProcess_ch.lola
lola:   198/65536 symbol table entries, 0 collisions
lola:   preprocessing... 
lola:   finding significant places
lola:   112 places, 86 transitions, 86 significant places
lola:   computing forward-conflicting sets
lola:   computing back-conflicting sets
lola:   73 transition conflict sets
lola: TASK
lola:   read: (in.client.handleObjection > 0 -> AG (!(DEADLOCK)))
lola:   formula length: 51
lola:   checking a Boolean combination of subproblems
lola: RUNNING
lola:   ========================================
lola:   ...considering subproblem: in.client.handleObjection <= 0
lola:   ========================================
lola:   SUBTASK
lola:     checking initial satisfaction
lola:     processed formula with 1 atomic propositions
lola:   RUNNING
lola:   SUBRESULT
lola:     result: yes
lola:     The net satisfies the property already in its initial state.
lola:     print witness state (--state)
lola:     writing witness state to stdout
lola:     no witness state generated
lola:     closed witness state file stdout
lola:     print witness path (--path)
lola:     writing witness path to stdout
lola:     closed witness path file stdout
lola:     0 markings, 0 edges
lola:   ========================================
lola: RESULT
lola:   result: yes
lola:   The Boolean predicate is true.
lola:   print witness state (--state)
lola:   writing witness state to stdout
lola:   no witness state generated
lola:   closed witness state file stdout
lola: NET
lola:   reading net from HandleCaseProcess_ch.lola
lola:   finished parsing
lola:   closed net file HandleCaseProcess_ch.lola
lola:   198/65536 symbol table entries, 0 collisions
lola:   preprocessing... 
lola:   finding significant places
lola:   112 places, 86 transitions, 86 significant places
lola:   computing forward-conflicting sets
lola:   computing back-conflicting sets
lola:   73 transition conflict sets
lola: TASK
lola:   read: (in.client.handleObjection > 0 -> AG (EF (p62 > 0)))
lola:   formula length: 52
lola:   checking a Boolean combination of subproblems
lola: RUNNING
lola:   ========================================
lola:   ...considering subproblem: in.client.handleObjection <= 0
lola:   ========================================
lola:   SUBTASK
lola:     checking initial satisfaction
lola:     processed formula with 1 atomic propositions
lola:   RUNNING
lola:   SUBRESULT
lola:     result: yes
lola:     The net satisfies the property already in its initial state.
lola:     print witness state (--state)
lola:     writing witness state to stdout
lola:     no witness state generated
lola:     closed witness state file stdout
lola:     print witness path (--path)
lola:     writing witness path to stdout
lola:     closed witness path file stdout
lola:     0 markings, 0 edges
lola:   ========================================
lola: RESULT
lola:   result: yes
lola:   The Boolean predicate is true.
lola:   print witness state (--state)
lola:   writing witness state to stdout
lola:   no witness state generated
lola:   closed witness state file stdout
'ALLPATH' is not recognized as an internal or external command,
operable program or batch file.
lola: NET
lola:   reading net from HandleCaseProcess_pn.lola
lola:   finished parsing
lola:   closed net file HandleCaseProcess_pn.lola
lola:   2473/65536 symbol table entries, 6 collisions
lola:   preprocessing... 
lola:   finding significant places
lola:   1038 places, 1435 transitions, 899 significant places
lola:   computing forward-conflicting sets
lola:   computing back-conflicting sets
lola:   1494 transition conflict sets
lola: TASK
lola:   read: AG (EF (p975 > 0))
lola:   formula length: 18
lola:   checking liveness
lola:   liveness not yet implemented, converting to CTL...
lola:   processed formula: !(E(TRUE U !(E(TRUE U p975 > 0))))
lola:   processed formula length: 34
lola:   3 rewrites
lola:   formula mentions 1 of 1038 places; total mentions: 1
lola: STORE
lola:   using a bit-perfect encoder (--encoder=bit)
lola:   using 3596 bytes per marking, with 0 unused bits
lola:   using a prefix tree store (--store=prefix)
lola: RUNNING
lola:   CTL formula contains 2 significant temporal operators and needs 9 bytes of payload
lola: RESULT
lola:   result: yes
lola:   The net satisfies the given formula.
lola:   341 markings, 1032 edges
lola: NET
lola:   reading net from HandleCaseProcess_pn.lola
lola:   finished parsing
lola:   closed net file HandleCaseProcess_pn.lola
lola:   2473/65536 symbol table entries, 6 collisions
lola:   preprocessing... 
lola:   finding significant places
lola:   1038 places, 1435 transitions, 899 significant places
lola:   computing forward-conflicting sets
lola:   computing back-conflicting sets
lola:   1494 transition conflict sets
lola: TASK
lola:   read: AG (EF (p975 > 0))
lola:   formula length: 18
lola:   checking liveness
lola:   liveness not yet implemented, converting to CTL...
lola:   processed formula: !(E(TRUE U !(E(TRUE U p975 > 0))))
lola:   processed formula length: 34
lola:   3 rewrites
lola:   formula mentions 1 of 1038 places; total mentions: 1
lola: STORE
lola:   using a bit-perfect encoder (--encoder=bit)
lola:   using 3596 bytes per marking, with 0 unused bits
lola:   using a prefix tree store (--store=prefix)
lola: RUNNING
lola:   CTL formula contains 2 significant temporal operators and needs 9 bytes of payload
lola: RESULT
lola:   result: yes
lola:   The net satisfies the given formula.
lola:   341 markings, 1032 edges
lola: NET
lola:   reading net from HandleCaseProcess_pn.lola
lola:   finished parsing
lola:   closed net file HandleCaseProcess_pn.lola
lola:   2473/65536 symbol table entries, 6 collisions
lola:   preprocessing... 
lola:   finding significant places
lola:   1038 places, 1435 transitions, 899 significant places
lola:   computing forward-conflicting sets
lola:   computing back-conflicting sets
lola:   1494 transition conflict sets
lola: TASK
lola:   read: (p10 > 0 -> AG (!(DEADLOCK)))
lola:   formula length: 29
lola:   checking a Boolean combination of subproblems
lola: RUNNING
lola:   ========================================
lola:   ...considering subproblem: p10 <= 0
lola:   ========================================
lola:   SUBTASK
lola:     checking initial satisfaction
lola:     processed formula with 1 atomic propositions
lola:   RUNNING
lola:   SUBRESULT
lola:     result: yes
lola:     The net satisfies the property already in its initial state.
lola:     print witness state (--state)
lola:     writing witness state to stdout
lola:     no witness state generated
lola:     closed witness state file stdout
lola:     print witness path (--path)
lola:     writing witness path to stdout
lola:     closed witness path file stdout
lola:     0 markings, 0 edges
lola:   lola: RESULT
========================================lola:  
 result: yes
lola:   The Boolean predicate is true.
lola:   print witness state (--state)
lola:   writing witness state to stdout
lola:   no witness state generated
lola:   closed witness state file stdout
