lola: NET
lola:   reading net from HandleRequest_pn.lola
lola:   finished parsing
lola:   closed net file HandleRequest_pn.lola
lola:   1569/65536 symbol table entries, 0 collisions
lola:   preprocessing... 
lola:   finding significant places
lola:   648 places, 921 transitions, 563 significant places
lola:   computing forward-conflicting sets
lola:   computing back-conflicting sets
lola:   951 transition conflict sets
lola: TASK
lola:   creating the whole state space (--check=full)
lola: STORE
lola:   using a bit-perfect encoder (--encoder=bit)
lola:   using 2252 bytes per marking, with 0 unused bits
lola:   using a prefix tree store (--store=prefix)
lola:   generating a state space (--check=full)
lola: SEARCH
lola:   using deadlock preserving stubborn set method with insertion algorithm (--stubborn=tarjan)
lola: RUNNING
lola: RESULT
lola:   result: no
lola:   State space generated.
lola:   238 markings, 253 edges
